<?xml version="1.0" encoding="utf-8"?><testsuites name="pytest tests"><testsuite name="pytest" errors="0" failures="0" skipped="0" tests="13" time="14.084" timestamp="2026-01-28T20:54:13.257518+00:00" hostname="agent-env-5cddb224-ca10-4985-975d-d0eccdf86dbd"><testcase classname="tests.test_prospecting.TestProspectingAuth" name="test_login_success" time="0.337" /><testcase classname="tests.test_prospecting.TestProspectingDashboard" name="test_dashboard_returns_valid_data" time="5.985" /><testcase classname="tests.test_prospecting.TestProspectingDashboard" name="test_dashboard_requires_auth" time="0.073" /><testcase classname="tests.test_prospecting.TestProspectingLeads" name="test_get_leads_santos" time="0.307" /><testcase classname="tests.test_prospecting.TestProspectingLeads" name="test_get_leads_sao_vicente" time="0.162" /><testcase classname="tests.test_prospecting.TestProspectingLeads" name="test_get_leads_guaruja" time="0.047" /><testcase classname="tests.test_prospecting.TestProspectingLeads" name="test_leads_sorted_by_probability" time="0.038" /><testcase classname="tests.test_prospecting.TestProspectingRoutes" name="test_generate_route" time="0.311" /><testcase classname="tests.test_prospecting.TestProspectingRoutes" name="test_get_routes" time="0.044" /><testcase classname="tests.test_prospecting.TestProspectingSchedules" name="test_create_schedule" time="0.302" /><testcase classname="tests.test_prospecting.TestProspectingSchedules" name="test_get_schedules" time="0.080" /><testcase classname="tests.test_prospecting.TestProspectingSeasonality" name="test_get_seasonality" time="0.332" /><testcase classname="tests.test_prospecting.TestProspectingStats" name="test_get_stats" time="5.942" /></testsuite></testsuites>