<?xml version="1.0" encoding="utf-8"?><testsuites name="pytest tests"><testsuite name="pytest" errors="0" failures="0" skipped="0" tests="19" time="2.609" timestamp="2026-01-28T21:14:15.125929+00:00" hostname="agent-env-5cddb224-ca10-4985-975d-d0eccdf86dbd"><testcase classname="backend.tests.test_prospects.TestProspectsAuth" name="test_login_success" time="0.328" /><testcase classname="backend.tests.test_prospects.TestTiposPortaria" name="test_get_tipos_portaria" time="0.301" /><testcase classname="backend.tests.test_prospects.TestProspectsCRUD" name="test_create_prospect_manual" time="0.346" /><testcase classname="backend.tests.test_prospects.TestProspectsCRUD" name="test_get_prospects_list" time="0.047" /><testcase classname="backend.tests.test_prospects.TestProspectsCRUD" name="test_get_prospects_with_cidade_filter" time="0.078" /><testcase classname="backend.tests.test_prospects.TestProspectsCRUD" name="test_get_prospects_with_tipo_portaria_filter" time="0.040" /><testcase classname="backend.tests.test_prospects.TestProspectsCRUD" name="test_get_prospects_with_interesse_filter" time="0.042" /><testcase classname="backend.tests.test_prospects.TestProspectsCRUD" name="test_update_prospect" time="0.042" /><testcase classname="backend.tests.test_prospects.TestProspectsCRUD" name="test_update_prospect_not_found" time="0.040" /><testcase classname="backend.tests.test_prospects.TestProspectsCRUD" name="test_delete_prospect" time="0.124" /><testcase classname="backend.tests.test_prospects.TestProspectsCRUD" name="test_delete_prospect_not_found" time="0.040" /><testcase classname="backend.tests.test_prospects.TestProspectsStats" name="test_get_prospects_stats" time="0.307" /><testcase classname="backend.tests.test_prospects.TestProspectsScraping" name="test_scrape_prospects" time="0.526" /><testcase classname="backend.tests.test_prospects.TestProspectsRequiresAuth" name="test_get_prospects_requires_auth" time="0.038" /><testcase classname="backend.tests.test_prospects.TestProspectsRequiresAuth" name="test_create_prospect_requires_auth" time="0.037" /><testcase classname="backend.tests.test_prospects.TestProspectsRequiresAuth" name="test_update_prospect_requires_auth" time="0.036" /><testcase classname="backend.tests.test_prospects.TestProspectsRequiresAuth" name="test_delete_prospect_requires_auth" time="0.036" /><testcase classname="backend.tests.test_prospects.TestProspectsRequiresAuth" name="test_get_stats_requires_auth" time="0.039" /><testcase classname="backend.tests.test_prospects.TestProspectsRequiresAuth" name="test_scrape_requires_auth" time="0.035" /></testsuite></testsuites>